<?xml version="1.0" encoding="UTF-8"?>
<!-- Generated by org.testng.reporters.JUnitReportReporter -->
<testsuite name="loginTestCases.BothIncorrect" tests="1" time="63.347" ignored="0" failures="0" timestamp="05 May 2022 12:30:07 GMT" skipped="0" hostname="Lenovo" errors="0">
  <testcase name="bothIncorrect" time="63.347" classname="loginTestCases.BothIncorrect"/>
</testsuite> <!-- loginTestCases.BothIncorrect -->
