<?xml version="1.0" encoding="UTF-8"?>
<!-- Generated by org.testng.reporters.JUnitReportReporter -->
<testsuite name="loginTestCases.CorrectUserName" tests="4" time="147.210" ignored="0" failures="0" timestamp="06 May 2022 11:40:15 GMT" skipped="0" hostname="Lenovo" errors="0">
  <testcase name="loginWithCorrectUserName" time="24.484" classname="loginTestCases.CorrectUserName"/>
  <testcase name="loginWithCorrectUserName" time="26.698" classname="loginTestCases.CorrectUserName"/>
  <testcase name="loginWithCorrectUserName" time="17.538" classname="loginTestCases.CorrectUserName"/>
  <testcase name="loginWithCorrectUserName" time="78.490" classname="loginTestCases.CorrectUserName"/>
</testsuite> <!-- loginTestCases.CorrectUserName -->
